HuangYan/build/outputs/logs/manifest-merger-debug-report.txt
-- Merging decision tree log ---
manifest
ADDED from byh\HuangYan\AndroidManifest.xml:2:1-223:12
	xmlns:android
		ADDED from byh\HuangYan\AndroidManifest.xml:2:11-69
	package
		ADDED from byh\HuangYan\AndroidManifest.xml:3:5-36
	android:versionName
		ADDED from byh\HuangYan\AndroidManifest.xml:5:5-30
	android:versionCode
		ADDED from byh\HuangYan\AndroidManifest.xml:4:5-28
		INJECTED from byh\HuangYan\AndroidManifest.xml
		INJECTED from byh\HuangYan\AndroidManifest.xml
uses-sdk
ADDED from byh\HuangYan\AndroidManifest.xml:7:5-9:41
	android:targetSdkVersion
		ADDED from byh\HuangYan\AndroidManifest.xml:9:9-38
	android:minSdkVersion
		ADDED from byh\HuangYan\AndroidManifest.xml:8:9-34
uses-permission#android.permission.INTERNET
ADDED from byh\HuangYan\AndroidManifest.xml:11:5-67
	android:name
		ADDED from byh\HuangYan\AndroidManifest.xml:11:22-64
uses-permission#android.permission.ACCESS_NETWORK_STATE
ADDED from byh\HuangYan\AndroidManifest.xml:12:5-79
	android:name
		ADDED from byh\HuangYan\AndroidManifest.xml:12:22-76
uses-permission#android.permission.ACCESS_WIFI_STATE
ADDED from byh\HuangYan\AndroidManifest.xml:13:5-76
	android:name
		ADDED from byh\HuangYan\AndroidManifest.xml:13:22-73
uses-permission#android.permission.READ_PHONE_STATE
ADDED from byh\HuangYan\AndroidManifest.xml:14:5-75
	android:name
		ADDED from byh\HuangYan\AndroidManifest.xml:14:22-72
uses-permission#android.permission.WRITE_EXTERNAL_STORAGE
ADDED from byh\HuangYan\AndroidManifest.xml:15:5-81
	android:name
		ADDED from byh\HuangYan\AndroidManifest.xml:15:22-78
uses-permission#android.permission.ACCESS_FINE_LOCATION
ADDED from byh\HuangYan\AndroidManifest.xml:16:5-79
	android:name
		ADDED from byh\HuangYan\AndroidManifest.xml:16:22-76
uses-permission#android.permission.ACCESS_COARSE_LOCATION
ADDED from byh\HuangYan\AndroidManifest.xml:17:5-81
	android:name
		ADDED from byh\HuangYan\AndroidManifest.xml:17:22-78
uses-permission#android.permission.CHANGE_CONFIGURATION
ADDED from byh\HuangYan\AndroidManifest.xml:18:5-79
	android:name
		ADDED from byh\HuangYan\AndroidManifest.xml:18:22-76
uses-permission#android.permission.WRITE_SETTINGS
ADDED from byh\HuangYan\AndroidManifest.xml:20:5-73
	android:name
		ADDED from byh\HuangYan\AndroidManifest.xml:20:22-70
uses-feature#android.hardware.camera
ADDED from byh\HuangYan\AndroidManifest.xml:21:5-60
	android:name
		ADDED from byh\HuangYan\AndroidManifest.xml:21:19-57
uses-feature#android.hardware.camera.autofocus
ADDED from byh\HuangYan\AndroidManifest.xml:22:5-70
	android:name
		ADDED from byh\HuangYan\AndroidManifest.xml:22:19-67
uses-permission#android.permission.CAMERA
ADDED from byh\HuangYan\AndroidManifest.xml:24:5-65
	android:name
		ADDED from byh\HuangYan\AndroidManifest.xml:24:22-62
application
ADDED from byh\HuangYan\AndroidManifest.xml:25:5-221:19
	android:label
		ADDED from byh\HuangYan\AndroidManifest.xml:29:9-41
	android:allowBackup
		ADDED from byh\HuangYan\AndroidManifest.xml:26:9-35
	android:icon
		ADDED from byh\HuangYan\AndroidManifest.xml:28:9-37
	android:theme
		ADDED from byh\HuangYan\AndroidManifest.xml:30:9-62
	android:name
		ADDED from byh\HuangYan\AndroidManifest.xml:27:9-82
activity#com.baiyuhui.huangyan.activity.SplashActivity
ADDED from byh\HuangYan\AndroidManifest.xml:31:9-42:20
	android:screenOrientation
		ADDED from byh\HuangYan\AndroidManifest.xml:36:13-49
	android:label
		ADDED from byh\HuangYan\AndroidManifest.xml:34:13-45
	android:configChanges
		ADDED from byh\HuangYan\AndroidManifest.xml:33:13-84
	android:name
		ADDED from byh\HuangYan\AndroidManifest.xml:32:13-73
	android:launchMode
		ADDED from byh\HuangYan\AndroidManifest.xml:35:13-44
intent-filter#android.intent.action.MAIN+android.intent.category.LAUNCHER
ADDED from byh\HuangYan\AndroidManifest.xml:37:13-41:29
action#android.intent.action.MAIN
ADDED from byh\HuangYan\AndroidManifest.xml:38:17-69
	android:name
		ADDED from byh\HuangYan\AndroidManifest.xml:38:25-66
category#android.intent.category.LAUNCHER
ADDED from byh\HuangYan\AndroidManifest.xml:40:17-77
	android:name
		ADDED from byh\HuangYan\AndroidManifest.xml:40:27-74
meta-data#UMENG_APPKEY
ADDED from byh\HuangYan\AndroidManifest.xml:44:9-46:56
	android:name
		ADDED from byh\HuangYan\AndroidManifest.xml:45:13-40
	android:value
		ADDED from byh\HuangYan\AndroidManifest.xml:46:13-53
activity#com.umeng.socialize.view.ShareActivity
ADDED from byh\HuangYan\AndroidManifest.xml:48:9-54:71
	android:windowSoftInputMode
		ADDED from byh\HuangYan\AndroidManifest.xml:54:13-68
	android:noHistory
		ADDED from byh\HuangYan\AndroidManifest.xml:52:13-37
	android:configChanges
		ADDED from byh\HuangYan\AndroidManifest.xml:50:13-57
	android:theme
		ADDED from byh\HuangYan\AndroidManifest.xml:53:13-50
	android:name
		ADDED from byh\HuangYan\AndroidManifest.xml:49:13-66
	android:launchMode
		ADDED from byh\HuangYan\AndroidManifest.xml:51:13-44
activity#com.tencent.tauth.AuthActivity
ADDED from byh\HuangYan\AndroidManifest.xml:57:9-69:20
	android:noHistory
		ADDED from byh\HuangYan\AndroidManifest.xml:60:13-37
	android:name
		ADDED from byh\HuangYan\AndroidManifest.xml:58:13-58
	android:launchMode
		ADDED from byh\HuangYan\AndroidManifest.xml:59:13-44
intent-filter#android.intent.action.VIEW+android.intent.category.BROWSABLE+android.intent.category.DEFAULT
ADDED from byh\HuangYan\AndroidManifest.xml:61:13-68:29
action#android.intent.action.VIEW
ADDED from byh\HuangYan\AndroidManifest.xml:62:17-69
	android:name
		ADDED from byh\HuangYan\AndroidManifest.xml:62:25-66
category#android.intent.category.DEFAULT
ADDED from byh\HuangYan\AndroidManifest.xml:64:17-76
	android:name
		ADDED from byh\HuangYan\AndroidManifest.xml:64:27-73
category#android.intent.category.BROWSABLE
ADDED from byh\HuangYan\AndroidManifest.xml:65:17-78
	android:name
		ADDED from byh\HuangYan\AndroidManifest.xml:65:27-75
data
ADDED from byh\HuangYan\AndroidManifest.xml:67:17-59
	android:scheme
		ADDED from byh\HuangYan\AndroidManifest.xml:67:23-56
activity#com.tencent.connect.common.AssistActivity
ADDED from byh\HuangYan\AndroidManifest.xml:70:9-73:75
	android:screenOrientation
		ADDED from byh\HuangYan\AndroidManifest.xml:72:13-49
	android:theme
		ADDED from byh\HuangYan\AndroidManifest.xml:73:13-72
	android:name
		ADDED from byh\HuangYan\AndroidManifest.xml:71:13-69
activity#com.baiyuhui.huangyan.wxapi.WXEntryActivity
ADDED from byh\HuangYan\AndroidManifest.xml:76:9-81:75
	android:screenOrientation
		ADDED from byh\HuangYan\AndroidManifest.xml:80:13-49
	android:configChanges
		ADDED from byh\HuangYan\AndroidManifest.xml:78:13-74
	android:theme
		ADDED from byh\HuangYan\AndroidManifest.xml:81:13-72
	android:exported
		ADDED from byh\HuangYan\AndroidManifest.xml:79:13-36
	android:name
		ADDED from byh\HuangYan\AndroidManifest.xml:77:13-50
activity#com.baiyuhui.huangyan.activity.MainTabActivity
ADDED from byh\HuangYan\AndroidManifest.xml:82:9-86:20
	android:screenOrientation
		ADDED from byh\HuangYan\AndroidManifest.xml:85:13-49
	android:configChanges
		ADDED from byh\HuangYan\AndroidManifest.xml:84:13-84
	android:name
		ADDED from byh\HuangYan\AndroidManifest.xml:83:13-74
activity#com.baiyuhui.huangyan.activity.GuideActivity
ADDED from byh\HuangYan\AndroidManifest.xml:87:9-88:20
	android:name
		ADDED from byh\HuangYan\AndroidManifest.xml:87:19-78
activity#com.baiyuhui.huangyan.activity.ShareFragment
ADDED from byh\HuangYan\AndroidManifest.xml:89:9-94:20
	android:screenOrientation
		ADDED from byh\HuangYan\AndroidManifest.xml:93:13-49
	android:configChanges
		ADDED from byh\HuangYan\AndroidManifest.xml:91:13-84
	android:name
		ADDED from byh\HuangYan\AndroidManifest.xml:90:13-72
	android:launchMode
		ADDED from byh\HuangYan\AndroidManifest.xml:92:13-44
activity#com.baiyuhui.huangyan.activity.HomeNewsActivity
ADDED from byh\HuangYan\AndroidManifest.xml:95:9-96:20
	android:name
		ADDED from byh\HuangYan\AndroidManifest.xml:95:19-81
activity#com.baiyuhui.huangyan.activity.HomeVideoActivity
ADDED from byh\HuangYan\AndroidManifest.xml:97:9-98:20
	android:name
		ADDED from byh\HuangYan\AndroidManifest.xml:97:19-82
activity#com.baiyuhui.huangyan.activity.HomeSchoolActivity
ADDED from byh\HuangYan\AndroidManifest.xml:99:9-100:20
	android:name
		ADDED from byh\HuangYan\AndroidManifest.xml:99:19-83
activity#com.baiyuhui.huangyan.activity.HomeBranchActivity
ADDED from byh\HuangYan\AndroidManifest.xml:101:9-102:20
	android:name
		ADDED from byh\HuangYan\AndroidManifest.xml:101:19-83
activity#com.baiyuhui.huangyan.activity.HomeBenefitActivity
ADDED from byh\HuangYan\AndroidManifest.xml:103:9-104:20
	android:name
		ADDED from byh\HuangYan\AndroidManifest.xml:103:19-84
activity#com.baiyuhui.huangyan.activity.HomeNewsDetails
ADDED from byh\HuangYan\AndroidManifest.xml:105:9-106:20
	android:name
		ADDED from byh\HuangYan\AndroidManifest.xml:105:19-80
activity#com.baiyuhui.huangyan.activity.HomeBenefitDetails
ADDED from byh\HuangYan\AndroidManifest.xml:107:9-108:20
	android:name
		ADDED from byh\HuangYan\AndroidManifest.xml:107:19-83
activity#com.baiyuhui.huangyan.activity.HomeSchoolDetails
ADDED from byh\HuangYan\AndroidManifest.xml:109:9-110:20
	android:name
		ADDED from byh\HuangYan\AndroidManifest.xml:109:19-82
activity#com.baiyuhui.huangyan.activity.HomeVideoDetails
ADDED from byh\HuangYan\AndroidManifest.xml:111:9-112:20
	android:hardwareAccelerated
		ADDED from byh\HuangYan\AndroidManifest.xml:111:82-116
	android:name
		ADDED from byh\HuangYan\AndroidManifest.xml:111:19-81
activity#com.baiyuhui.huangyan.activity.HomeVideopaly
ADDED from byh\HuangYan\AndroidManifest.xml:113:9-114:20
	android:name
		ADDED from byh\HuangYan\AndroidManifest.xml:113:19-78
activity#com.baiyuhui.huangyan.activity.StoreDetailsActivity
ADDED from byh\HuangYan\AndroidManifest.xml:115:9-116:20
	android:name
		ADDED from byh\HuangYan\AndroidManifest.xml:115:19-85
activity#com.baiyuhui.huangyan.activity.StoreReviews
ADDED from byh\HuangYan\AndroidManifest.xml:117:9-118:20
	android:name
		ADDED from byh\HuangYan\AndroidManifest.xml:117:19-77
activity#com.baiyuhui.huangyan.activity.StoreInventory
ADDED from byh\HuangYan\AndroidManifest.xml:119:9-120:20
	android:name
		ADDED from byh\HuangYan\AndroidManifest.xml:119:19-79
activity#com.baiyuhui.huangyan.activity.StoreCart
ADDED from byh\HuangYan\AndroidManifest.xml:121:9-122:20
	android:name
		ADDED from byh\HuangYan\AndroidManifest.xml:121:19-74
activity#com.baiyuhui.huangyan.activity.StoreCartSettlement
ADDED from byh\HuangYan\AndroidManifest.xml:123:9-124:20
	android:name
		ADDED from byh\HuangYan\AndroidManifest.xml:123:19-84
activity#com.baiyuhui.huangyan.activity.StoreCheckstand
ADDED from byh\HuangYan\AndroidManifest.xml:125:9-126:20
	android:name
		ADDED from byh\HuangYan\AndroidManifest.xml:125:19-80
activity#com.baiyuhui.huangyan.activity.StoreDistributionActivity
ADDED from byh\HuangYan\AndroidManifest.xml:127:9-128:20
	android:name
		ADDED from byh\HuangYan\AndroidManifest.xml:127:19-90
activity#com.baiyuhui.huangyan.activity.StoreSiteActivity
ADDED from byh\HuangYan\AndroidManifest.xml:129:9-130:20
	android:name
		ADDED from byh\HuangYan\AndroidManifest.xml:129:19-82
activity#com.baiyuhui.huangyan.activity.StoreCompileSiteActivity
ADDED from byh\HuangYan\AndroidManifest.xml:131:9-132:20
	android:name
		ADDED from byh\HuangYan\AndroidManifest.xml:131:19-89
activity#com.baiyuhui.huangyan.activity.StoreInvoiceActivity
ADDED from byh\HuangYan\AndroidManifest.xml:133:9-134:20
	android:name
		ADDED from byh\HuangYan\AndroidManifest.xml:133:19-85
activity#com.baiyuhui.huangyan.activity.FindCircleClassify
ADDED from byh\HuangYan\AndroidManifest.xml:135:9-136:20
	android:name
		ADDED from byh\HuangYan\AndroidManifest.xml:135:19-83
activity#com.baiyuhui.huangyan.activity.FindStoryDetails
ADDED from byh\HuangYan\AndroidManifest.xml:137:9-138:20
	android:name
		ADDED from byh\HuangYan\AndroidManifest.xml:137:19-81
activity#com.baiyuhui.huangyan.activity.FindCirclePosted
ADDED from byh\HuangYan\AndroidManifest.xml:139:9-140:20
	android:name
		ADDED from byh\HuangYan\AndroidManifest.xml:139:19-81
activity#com.baiyuhui.huangyan.activity.FindCircleDetails
ADDED from byh\HuangYan\AndroidManifest.xml:141:9-142:20
	android:name
		ADDED from byh\HuangYan\AndroidManifest.xml:141:19-82
activity#com.baiyuhui.huangyan.activity.FindClassifyAboutDetails
ADDED from byh\HuangYan\AndroidManifest.xml:143:9-144:20
	android:name
		ADDED from byh\HuangYan\AndroidManifest.xml:143:19-89
activity#com.baiyuhui.huangyan.activity.FindAntifakeActivity
ADDED from byh\HuangYan\AndroidManifest.xml:145:9-146:20
	android:name
		ADDED from byh\HuangYan\AndroidManifest.xml:145:19-85
activity#com.baiyuhui.huangyan.activity.FindCircleActivity
ADDED from byh\HuangYan\AndroidManifest.xml:147:9-148:20
	android:name
		ADDED from byh\HuangYan\AndroidManifest.xml:147:19-83
activity#com.baiyuhui.huangyan.activity.FindNewbieActivity
ADDED from byh\HuangYan\AndroidManifest.xml:149:9-150:20
	android:name
		ADDED from byh\HuangYan\AndroidManifest.xml:149:19-83
activity#com.baiyuhui.huangyan.activity.FindPrepActivity
ADDED from byh\HuangYan\AndroidManifest.xml:151:9-152:20
	android:name
		ADDED from byh\HuangYan\AndroidManifest.xml:151:19-81
activity#com.baiyuhui.huangyan.activity.FindRadioActivity
ADDED from byh\HuangYan\AndroidManifest.xml:153:9-154:20
	android:name
		ADDED from byh\HuangYan\AndroidManifest.xml:153:19-82
activity#com.baiyuhui.huangyan.activity.FindStoryActivity
ADDED from byh\HuangYan\AndroidManifest.xml:155:9-156:20
	android:name
		ADDED from byh\HuangYan\AndroidManifest.xml:155:19-82
activity#com.baiyuhui.huangyan.activity.SidebarInformationActivity
ADDED from byh\HuangYan\AndroidManifest.xml:157:9-158:20
	android:name
		ADDED from byh\HuangYan\AndroidManifest.xml:157:19-91
activity#com.baiyuhui.huangyan.activity.SidebarManagementActivity
ADDED from byh\HuangYan\AndroidManifest.xml:159:9-160:20
	android:name
		ADDED from byh\HuangYan\AndroidManifest.xml:159:19-90
activity#com.baiyuhui.huangyan.activity.SidebarCouponActivity
ADDED from byh\HuangYan\AndroidManifest.xml:161:9-162:20
	android:name
		ADDED from byh\HuangYan\AndroidManifest.xml:161:19-86
activity#com.baiyuhui.huangyan.activity.SidebarIndentActivity
ADDED from byh\HuangYan\AndroidManifest.xml:163:9-164:20
	android:name
		ADDED from byh\HuangYan\AndroidManifest.xml:163:19-86
activity#com.baiyuhui.huangyan.activity.SidebarPasswordActivity
ADDED from byh\HuangYan\AndroidManifest.xml:165:9-166:20
	android:name
		ADDED from byh\HuangYan\AndroidManifest.xml:165:19-88
activity#com.baiyuhui.huangyan.activity.SidebarInventoryActivity
ADDED from byh\HuangYan\AndroidManifest.xml:167:9-168:20
	android:name
		ADDED from byh\HuangYan\AndroidManifest.xml:167:19-89
activity#com.baiyuhui.huangyan.activity.SidebarRecordActivity
ADDED from byh\HuangYan\AndroidManifest.xml:169:9-170:20
	android:name
		ADDED from byh\HuangYan\AndroidManifest.xml:169:19-86
activity#com.baiyuhui.huangyan.activity.SidebarExperienceActivity
ADDED from byh\HuangYan\AndroidManifest.xml:171:9-172:20
	android:name
		ADDED from byh\HuangYan\AndroidManifest.xml:171:19-90
activity#com.baiyuhui.huangyan.activity.SidebarManagementWithdraw
ADDED from byh\HuangYan\AndroidManifest.xml:173:9-174:20
	android:name
		ADDED from byh\HuangYan\AndroidManifest.xml:173:19-90
activity#com.baiyuhui.huangyan.activity.SidebarManagementRecharge
ADDED from byh\HuangYan\AndroidManifest.xml:175:9-176:20
	android:name
		ADDED from byh\HuangYan\AndroidManifest.xml:175:19-90
activity#com.baiyuhui.huangyan.activity.SidebarManagementNotes
ADDED from byh\HuangYan\AndroidManifest.xml:177:9-178:20
	android:name
		ADDED from byh\HuangYan\AndroidManifest.xml:177:19-87
activity#com.baiyuhui.huangyan.activity.SidebarManagementIncome
ADDED from byh\HuangYan\AndroidManifest.xml:179:9-180:20
	android:name
		ADDED from byh\HuangYan\AndroidManifest.xml:179:19-88
activity#com.baiyuhui.huangyan.activity.SidebarManagementBank
ADDED from byh\HuangYan\AndroidManifest.xml:181:9-182:20
	android:name
		ADDED from byh\HuangYan\AndroidManifest.xml:181:19-86
activity#com.baiyuhui.huangyan.activity.SidebarManagementAddBank
ADDED from byh\HuangYan\AndroidManifest.xml:183:9-184:20
	android:name
		ADDED from byh\HuangYan\AndroidManifest.xml:183:19-89
activity#com.baiyuhui.huangyan.activity.SidebarIndentDetails
ADDED from byh\HuangYan\AndroidManifest.xml:185:9-186:20
	android:name
		ADDED from byh\HuangYan\AndroidManifest.xml:185:19-85
activity#com.baiyuhui.huangyan.activity.SidebarManagementBankName
ADDED from byh\HuangYan\AndroidManifest.xml:187:9-188:20
	android:name
		ADDED from byh\HuangYan\AndroidManifest.xml:187:19-90
activity#com.baiyuhui.huangyan.activity.SidebarManagementResultDetails
ADDED from byh\HuangYan\AndroidManifest.xml:189:9-190:20
	android:name
		ADDED from byh\HuangYan\AndroidManifest.xml:189:19-95
activity#com.baiyuhui.huangyan.activity.SidebarExperienceContent
ADDED from byh\HuangYan\AndroidManifest.xml:191:9-192:20
	android:name
		ADDED from byh\HuangYan\AndroidManifest.xml:191:19-89
activity#com.baiyuhui.huangyan.activity.PersonInformActivity
ADDED from byh\HuangYan\AndroidManifest.xml:193:9-194:20
	android:name
		ADDED from byh\HuangYan\AndroidManifest.xml:193:19-85
activity#com.baiyuhui.huangyan.activity.PersonInformRevert
ADDED from byh\HuangYan\AndroidManifest.xml:195:9-196:20
	android:name
		ADDED from byh\HuangYan\AndroidManifest.xml:195:19-83
activity#com.baiyuhui.huangyan.activity.PersonInfromIogistics
ADDED from byh\HuangYan\AndroidManifest.xml:197:9-198:20
	android:name
		ADDED from byh\HuangYan\AndroidManifest.xml:197:19-86
activity#com.baiyuhui.huangyan.activity.PersonDividend
ADDED from byh\HuangYan\AndroidManifest.xml:199:9-200:20
	android:name
		ADDED from byh\HuangYan\AndroidManifest.xml:199:19-79
activity#com.baiyuhui.huangyan.activity.PersonRecommend
ADDED from byh\HuangYan\AndroidManifest.xml:201:9-202:20
	android:name
		ADDED from byh\HuangYan\AndroidManifest.xml:201:19-80
activity#com.baiyuhui.huangyan.activity.PersonRecommendDetails
ADDED from byh\HuangYan\AndroidManifest.xml:203:9-204:20
	android:name
		ADDED from byh\HuangYan\AndroidManifest.xml:203:19-87
activity#com.baiyuhui.huangyan.activity.PersonRevertDetails
ADDED from byh\HuangYan\AndroidManifest.xml:205:9-206:20
	android:name
		ADDED from byh\HuangYan\AndroidManifest.xml:205:19-84
activity#com.baiyuhui.huangyan.activity.PersonIogisticsDetails
ADDED from byh\HuangYan\AndroidManifest.xml:207:9-208:20
	android:name
		ADDED from byh\HuangYan\AndroidManifest.xml:207:19-87
activity#com.baiyuhui.huangyan.activity.PersonMember
ADDED from byh\HuangYan\AndroidManifest.xml:209:9-210:20
	android:name
		ADDED from byh\HuangYan\AndroidManifest.xml:209:19-77
activity#com.baiyuhui.huangyan.activity.LoginActivity
ADDED from byh\HuangYan\AndroidManifest.xml:211:9-212:20
	android:name
		ADDED from byh\HuangYan\AndroidManifest.xml:211:19-78
activity#com.baiyuhui.huangyan.activity.CompanyActivity
ADDED from byh\HuangYan\AndroidManifest.xml:213:9-214:20
	android:name
		ADDED from byh\HuangYan\AndroidManifest.xml:213:19-80
activity#com.baiyuhui.huangyan.activity.RegisterActivity
ADDED from byh\HuangYan\AndroidManifest.xml:215:9-216:20
	android:name
		ADDED from byh\HuangYan\AndroidManifest.xml:215:19-81